[Sat May 25 02:52:54 2024
] File: example.json, Change: read, Details: Author element read
[Sat May 25 02:52:54 2024
] File: example.xml, Change: read, Details: Author element read
[Sat May 25 02:52:54 2024
] File: example.xml, Change: read, Details: Author element read
[Sat May 25 02:52:54 2024
] File: example.json, Change: read, Details: Title element read
[Sat May 25 02:52:54 2024
] File: example.xml, Change: read, Details: Title element read
[Sat May 25 02:52:54 2024
] File: example.xml, Change: read, Details: Title element read
[Sat May 25 02:52:54 2024
] File: example.json, Change: read, Details: Description element read
[Sat May 25 02:52:54 2024
] File: example.json, Change: read, Details: File Size element read
[Sat May 25 02:52:54 2024
] File: example.xml, Change: read, Details: Description element read
[Sat May 25 02:52:54 2024
] File: example.xml, Change: read, Details: Description element read
[Sat May 25 02:52:54 2024
] File: example.xml, Change: read, Details: File Size element read
[Sat May 25 02:52:54 2024
] File: example.xml, Change: read, Details: File Size element read
[Sat May 25 02:58:16 2024
] File: example.json, Change: read, Details: Author element read
[Sat May 25 02:58:16 2024
] File: example.xml, Change: read, Details: Author element read
[Sat May 25 02:58:16 2024
] File: example.json, Change: read, Details: Title element read
[Sat May 25 02:58:16 2024
] File: example.json, Change: read, Details: Description element read
[Sat May 25 02:58:16 2024
] File: example.xml, Change: read, Details: Author element read
[Sat May 25 02:58:16 2024
] File: example.json, Change: read, Details: File Size element read
[Sat May 25 02:58:16 2024
] File: example.xml, Change: read, Details: Title element read
[Sat May 25 02:58:16 2024
] File: example.xml, Change: read, Details: Title element read
[Sat May 25 02:58:16 2024
] File: example.xml, Change: read, Details: Description element read
[Sat May 25 02:58:16 2024
] File: example.xml, Change: read, Details: Description element read
[Sat May 25 02:58:16 2024
] File: example.xml, Change: read, Details: File Size element read
[Sat May 25 02:58:16 2024
] File: example.xml, Change: read, Details: File Size element read
[Sat May 25 02:59:49 2024
] File: example.xml, Change: read, Details: Author element read
[Sat May 25 02:59:49 2024
] File: example.json, Change: read, Details: Author element read
[Sat May 25 02:59:49 2024
] File: example.xml, Change: read, Details: Title element read
[Sat May 25 02:59:49 2024
] File: example.xml, Change: read, Details: Author element read
[Sat May 25 02:59:49 2024
] File: example.xml, Change: read, Details: Title element read
[Sat May 25 02:59:49 2024
] File: example.json, Change: read, Details: Title element read
[Sat May 25 02:59:49 2024
] File: example.json, Change: read, Details: Description element read
[Sat May 25 02:59:49 2024
] File: example.xml, Change: read, Details: Description element read
[Sat May 25 02:59:49 2024
] File: example.xml, Change: read, Details: Description element read
[Sat May 25 02:59:49 2024
] File: example.json, Change: read, Details: File Size element read
[Sat May 25 02:59:49 2024
] File: example.xml, Change: read, Details: File Size element read
[Sat May 25 02:59:49 2024
] File: example.xml, Change: read, Details: File Size element read
[Sat May 25 03:00:51 2024
] File: example.xml, Change: read, Details: Author element read
[Sat May 25 03:00:51 2024
] File: example.json, Change: read, Details: Author element read
[Sat May 25 03:00:51 2024
] File: example.xml, Change: read, Details: Author element read
[Sat May 25 03:00:51 2024
] File: example.xml, Change: read, Details: Title element read
[Sat May 25 03:00:51 2024
] File: example.xml, Change: read, Details: Title element read
[Sat May 25 03:00:51 2024
] File: example.json, Change: read, Details: Title element read
[Sat May 25 03:00:51 2024
] File: example.xml, Change: read, Details: Description element read
[Sat May 25 03:00:51 2024
] File: example.xml, Change: read, Details: Description element read
[Sat May 25 03:00:51 2024
] File: example.json, Change: read, Details: Description element read
[Sat May 25 03:00:51 2024
] File: example.xml, Change: read, Details: File Size element read
[Sat May 25 03:00:51 2024
] File: example.xml, Change: read, Details: File Size element read
[Sat May 25 03:00:51 2024
] File: example.json, Change: read, Details: File Size element read
[Sat May 25 13:33:27 2024
] File: example.json, Change: read, Details: Author element read
[Sat May 25 13:33:27 2024
] File: example.json, Change: read, Details: Title element read
[Sat May 25 13:33:27 2024
] File: example.json, Change: read, Details: Description element read
[Sat May 25 13:33:27 2024
] File: example.json, Change: read, Details: File Size element read
[Sat May 25 13:33:27 2024
] File: example.xml, Change: read, Details: Author element read
[Sat May 25 13:33:27 2024
] File: example.xml, Change: read, Details: Author element read
[Sat May 25 13:33:27 2024
] File: example.xml, Change: read, Details: Title element read
[Sat May 25 13:33:27 2024
] File: example.xml, Change: read, Details: Title element read
[Sat May 25 13:33:27 2024
] File: example.xml, Change: read, Details: Description element read
[Sat May 25 13:33:27 2024
] File: example.xml, Change: read, Details: Description element read
[Sat May 25 13:33:27 2024
] File: example.xml, Change: read, Details: File Size element read
[Sat May 25 13:33:27 2024
] File: example.xml, Change: read, Details: File Size element read
[Sat May 25 21:31:41 2024
] File: example.json, Change: read, Details: Author element read
[Sat May 25 21:31:41 2024
] File: example.json, Change: read, Details: Title element read
[Sat May 25 21:31:41 2024
] File: example.json, Change: read, Details: Description element read
[Sat May 25 21:31:41 2024
] File: example.json, Change: read, Details: File Size element read
[Sat May 25 21:31:41 2024
] File: example.xml, Change: read, Details: Author element read
[Sat May 25 21:31:41 2024
] File: example.xml, Change: read, Details: Author element read
[Sat May 25 21:31:41 2024
] File: example.xml, Change: read, Details: Title element read
[Sat May 25 21:31:41 2024
] File: example.xml, Change: read, Details: Title element read
[Sat May 25 21:31:41 2024
] File: example.xml, Change: read, Details: Description element read
[Sat May 25 21:31:41 2024
] File: example.xml, Change: read, Details: Description element read
[Sat May 25 21:31:41 2024
] File: example.xml, Change: read, Details: File Size element read
[Sat May 25 21:31:41 2024
] File: example.xml, Change: read, Details: File Size element read
[Sun May 26 12:01:20 2024
] File: example.json, Change: read, Details: Author element read
[Sun May 26 12:01:20 2024
] File: example.json, Change: read, Details: Title element read
[Sun May 26 12:01:20 2024
] File: example.json, Change: read, Details: Description element read
[Sun May 26 12:01:20 2024
] File: example.json, Change: read, Details: File Size element read
[Sun May 26 12:01:20 2024
] File: example.xml, Change: read, Details: Author element read
[Sun May 26 12:01:20 2024
] File: example.xml, Change: read, Details: Author element read
[Sun May 26 12:01:20 2024
] File: example.xml, Change: read, Details: Title element read
[Sun May 26 12:01:20 2024
] File: example.xml, Change: read, Details: Title element read
[Sun May 26 12:01:20 2024
] File: example.xml, Change: read, Details: Description element read
[Sun May 26 12:01:20 2024
] File: example.xml, Change: read, Details: Description element read
[Sun May 26 12:01:20 2024
] File: example.xml, Change: read, Details: File Size element read
[Sun May 26 12:01:20 2024
] File: example.xml, Change: read, Details: File Size element read
[Sun May 26 12:10:43 2024
] File: example.json, Change: read, Details: Author element read
[Sun May 26 12:10:43 2024
] File: example.json, Change: read, Details: Title element read
[Sun May 26 12:10:43 2024
] File: example.xml, Change: read, Details: Author element read
[Sun May 26 12:10:43 2024
] File: example.json, Change: read, Details: Description element read
[Sun May 26 12:10:43 2024
] File: example.xml, Change: read, Details: Title element read
[Sun May 26 12:10:43 2024
] File: example.xml, Change: read, Details: Author element read
[Sun May 26 12:10:43 2024
] File: example.json, Change: read, Details: File Size element read
[Sun May 26 12:10:43 2024
] File: example.xml, Change: read, Details: Description element read
[Sun May 26 12:10:43 2024
] File: example.xml, Change: read, Details: Title element read
[Sun May 26 12:10:43 2024
] File: example.xml, Change: read, Details: File Size element read
[Sun May 26 12:10:43 2024
] File: example.xml, Change: read, Details: Description element read
[Sun May 26 12:10:43 2024
] File: example.xml, Change: read, Details: File Size element read
[Sun May 26 12:13:09 2024
] File: example.json, Change: read, Details: Author element read
[Sun May 26 12:13:09 2024
] File: example.xml, Change: read, Details: Author element read
[Sun May 26 12:13:09 2024
] File: example.json, Change: read, Details: Title element read
[Sun May 26 12:13:09 2024
] File: example.xml, Change: read, Details: Author element read
[Sun May 26 12:13:09 2024
] File: example.xml, Change: read, Details: Title element read
[Sun May 26 12:13:09 2024
] File: example.json, Change: read, Details: Description element read
[Sun May 26 12:13:09 2024
] File: example.xml, Change: read, Details: Description element read
[Sun May 26 12:13:09 2024
] File: example.xml, Change: read, Details: Title element read
[Sun May 26 12:13:09 2024
] File: example.json, Change: read, Details: File Size element read
[Sun May 26 12:13:09 2024
] File: example.xml, Change: read, Details: File Size element read
[Sun May 26 12:13:09 2024
] File: example.xml, Change: read, Details: Description element read
[Sun May 26 12:13:09 2024
] File: example.xml, Change: read, Details: File Size element read
[Sun May 26 12:16:42 2024
] File: example.xml, Change: read, Details: Author element read
[Sun May 26 12:16:42 2024
] File: example.json, Change: read, Details: Author element read
[Sun May 26 12:16:42 2024
] File: example.xml, Change: read, Details: Author element read
[Sun May 26 12:16:42 2024
] File: example.json, Change: read, Details: Title element read
[Sun May 26 12:16:42 2024
] File: example.xml, Change: read, Details: Title element read
[Sun May 26 12:16:42 2024
] File: example.xml, Change: read, Details: Title element read
[Sun May 26 12:16:42 2024
] File: example.xml, Change: read, Details: Description element read
[Sun May 26 12:16:42 2024
] File: example.xml, Change: read, Details: Description element read
[Sun May 26 12:16:42 2024
] File: example.xml, Change: read, Details: File Size element read
[Sun May 26 12:16:42 2024
] File: example.xml, Change: read, Details: File Size element read
[Sun May 26 12:16:42 2024
] File: example.json, Change: read, Details: Description element read
[Sun May 26 12:16:42 2024
] File: example.json, Change: read, Details: File Size element read
[Sun May 26 12:20:07 2024
] File: example.json, Change: read, Details: Author element read
[Sun May 26 12:20:07 2024
] File: example.json, Change: read, Details: Title element read
[Sun May 26 12:20:07 2024
] File: example.xml, Change: read, Details: Author element read
[Sun May 26 12:20:07 2024
] File: example.json, Change: read, Details: Description element read
[Sun May 26 12:20:07 2024
] File: example.xml, Change: read, Details: Title element read
[Sun May 26 12:20:07 2024
] File: example.xml, Change: read, Details: Author element read
[Sun May 26 12:20:07 2024
] File: example.xml, Change: read, Details: Title element read
[Sun May 26 12:20:07 2024
] File: example.xml, Change: read, Details: Description element read
[Sun May 26 12:20:07 2024
] File: example.xml, Change: read, Details: Description element read
[Sun May 26 12:20:07 2024
] File: example.xml, Change: read, Details: File Size element read
[Sun May 26 12:20:07 2024
] File: example.xml, Change: read, Details: File Size element read
[Sun May 26 12:20:07 2024
] File: example.json, Change: read, Details: File Size element read
[Sun May 26 12:28:58 2024
] File: example.json, Change: read, Details: Author element read
[Sun May 26 12:28:58 2024
] File: example.json, Change: read, Details: Title element read
[Sun May 26 12:28:58 2024
] File: example.xml, Change: read, Details: Author element read
[Sun May 26 12:28:58 2024
] File: example.xml, Change: read, Details: Author element read
[Sun May 26 12:28:58 2024
] File: example.json, Change: read, Details: Description element read
[Sun May 26 12:28:58 2024
] File: example.json, Change: read, Details: File Size element read
[Sun May 26 12:28:58 2024
] File: example.xml, Change: read, Details: Title element read
[Sun May 26 12:28:58 2024
] File: example.xml, Change: read, Details: Title element read
[Sun May 26 12:28:58 2024
] File: example.xml, Change: read, Details: Description element read
[Sun May 26 12:28:58 2024
] File: example.xml, Change: read, Details: Description element read
[Sun May 26 12:28:58 2024
] File: example.xml, Change: read, Details: File Size element read
[Sun May 26 12:28:58 2024
] File: example.xml, Change: read, Details: File Size element read
[Sun May 26 12:50:47 2024
] File: example.json, Change: read, Details: Author element read
[Sun May 26 12:50:47 2024
] File: example.json, Change: read, Details: Title element read
[Sun May 26 12:50:47 2024
] File: example.json, Change: read, Details: Description element read
[Sun May 26 12:50:47 2024
] File: example.json, Change: read, Details: File Size element read
[Sun May 26 12:50:47 2024
] File: example.xml, Change: read, Details: Author element read
[Sun May 26 12:50:47 2024
] File: example.xml, Change: read, Details: Author element read
[Sun May 26 12:50:47 2024
] File: example.xml, Change: read, Details: Title element read
[Sun May 26 12:50:47 2024
] File: example.xml, Change: read, Details: Title element read
[Sun May 26 12:50:47 2024
] File: example.xml, Change: read, Details: Description element read
[Sun May 26 12:50:47 2024
] File: example.xml, Change: read, Details: Description element read
[Sun May 26 12:50:47 2024
] File: example.xml, Change: read, Details: File Size element read
[Sun May 26 12:50:47 2024
] File: example.xml, Change: read, Details: File Size element read
[Sun May 26 13:16:34 2024
] File: example.json, Change: read, Details: Author element read
[Sun May 26 13:16:34 2024
] File: example.json, Change: read, Details: Title element read
[Sun May 26 13:16:34 2024
] File: example.json, Change: read, Details: Description element read
[Sun May 26 13:16:34 2024
] File: example.xml, Change: read, Details: Author element read
[Sun May 26 13:16:34 2024
] File: example.xml, Change: read, Details: Author element read
[Sun May 26 13:16:34 2024
] File: example.xml, Change: read, Details: Title element read
[Sun May 26 13:16:34 2024
] File: example.json, Change: read, Details: File Size element read
[Sun May 26 13:16:34 2024
] File: example.xml, Change: read, Details: Title element read
[Sun May 26 13:16:34 2024
] File: example.xml, Change: read, Details: Description element read
[Sun May 26 13:16:34 2024
] File: example.xml, Change: read, Details: Description element read
[Sun May 26 13:16:34 2024
] File: example.xml, Change: read, Details: File Size element read
[Sun May 26 13:16:34 2024
] File: example.xml, Change: read, Details: File Size element read
[Sun May 26 13:18:58 2024
] File: uploaded_metadata.json, Change: upload, Details: User uploaded a new metadata file
[Sun May 26 13:19:18 2024
] File: uploaded_metadata.json, Change: upload, Details: User uploaded a new metadata file
[Sun May 26 14:48:22 2024
] File: example.json, Change: read, Details: Author element read
[Sun May 26 14:48:22 2024
] File: example.json, Change: read, Details: Title element read
[Sun May 26 14:48:22 2024
] File: example.json, Change: read, Details: Description element read
[Sun May 26 14:48:22 2024
] File: example.json, Change: read, Details: File Size element read
[Sun May 26 14:48:22 2024
] File: example.xml, Change: read, Details: Author element read
[Sun May 26 14:48:22 2024
] File: example.xml, Change: read, Details: Author element read
[Sun May 26 14:48:22 2024
] File: example.xml, Change: read, Details: Title element read
[Sun May 26 14:48:22 2024
] File: example.xml, Change: read, Details: Title element read
[Sun May 26 14:48:22 2024
] File: example.xml, Change: read, Details: Description element read
[Sun May 26 14:48:22 2024
] File: example.xml, Change: read, Details: File Size element read
[Sun May 26 14:48:22 2024
] File: example.xml, Change: read, Details: Description element read
[Sun May 26 14:48:22 2024
] File: example.xml, Change: read, Details: File Size element read
[Sun May 26 14:48:57 2024
] File: uploaded_metadata.json, Change: upload, Details: User uploaded a new metadata file
[Sun May 26 14:53:55 2024
] File: example.json, Change: read, Details: Author element read
[Sun May 26 14:53:55 2024
] File: example.json, Change: read, Details: Title element read
[Sun May 26 14:53:55 2024
] File: example.xml, Change: read, Details: Author element read
[Sun May 26 14:53:55 2024
] File: example.json, Change: read, Details: Description element read
[Sun May 26 14:53:55 2024
] File: example.xml, Change: read, Details: Author element read
[Sun May 26 14:53:55 2024
] File: example.json, Change: read, Details: File Size element read
[Sun May 26 14:53:55 2024
] File: example.xml, Change: read, Details: Title element read
[Sun May 26 14:53:55 2024
] File: example.xml, Change: read, Details: Title element read
[Sun May 26 14:53:55 2024
] File: example.xml, Change: read, Details: Description element read
[Sun May 26 14:53:55 2024
] File: example.xml, Change: read, Details: Description element read
[Sun May 26 14:53:55 2024
] File: example.xml, Change: read, Details: File Size element read
[Sun May 26 14:53:55 2024
] File: example.xml, Change: read, Details: File Size element read
[Sun May 26 14:54:29 2024
] File: uploaded_metadata.json, Change: upload, Details: User uploaded a new metadata file
[Sun May 26 15:09:03 2024
] File: example.json, Change: read, Details: Author element read
[Sun May 26 15:09:03 2024
] File: example.json, Change: read, Details: Title element read
[Sun May 26 15:09:03 2024
] File: example.xml, Change: read, Details: Author element read
[Sun May 26 15:09:03 2024
] File: example.xml, Change: read, Details: Title element read
[Sun May 26 15:09:03 2024
] File: example.xml, Change: read, Details: Author element read
[Sun May 26 15:09:03 2024
] File: example.json, Change: read, Details: Description element read
[Sun May 26 15:09:03 2024
] File: example.xml, Change: read, Details: Description element read
[Sun May 26 15:09:03 2024
] File: example.xml, Change: read, Details: Title element read
[Sun May 26 15:09:03 2024
] File: example.json, Change: read, Details: File Size element read
[Sun May 26 15:09:03 2024
] File: example.xml, Change: read, Details: Description element read
[Sun May 26 15:09:03 2024
] File: example.xml, Change: read, Details: File Size element read
[Sun May 26 15:09:03 2024
] File: example.xml, Change: read, Details: File Size element read
[Sun May 26 15:22:28 2024
] File: example.json, Change: read, Details: Author element read
[Sun May 26 15:22:28 2024
] File: example.xml, Change: read, Details: Author element read
[Sun May 26 15:22:28 2024
] File: example.xml, Change: read, Details: Author element read
[Sun May 26 15:22:28 2024
] File: example.json, Change: read, Details: Title element read
[Sun May 26 15:22:28 2024
] File: example.xml, Change: read, Details: Title element read
[Sun May 26 15:22:28 2024
] File: example.json, Change: read, Details: Description element read
[Sun May 26 15:22:28 2024
] File: example.json, Change: read, Details: File Size element read
[Sun May 26 15:22:28 2024
] File: example.xml, Change: read, Details: Description element read
[Sun May 26 15:22:28 2024
] File: example.xml, Change: read, Details: Title element read
[Sun May 26 15:22:28 2024
] File: example.xml, Change: read, Details: File Size element read
[Sun May 26 15:22:28 2024
] File: example.xml, Change: read, Details: Description element read
[Sun May 26 15:22:28 2024
] File: example.xml, Change: read, Details: File Size element read
[Sun May 26 15:23:23 2024
] File: my_metadata.json, Change: upload, Details: User uploaded a new metadata file
[Sun May 26 15:43:00 2024
] File: example.json, Change: read, Details: Author element read
[Sun May 26 15:43:00 2024
] File: example.xml, Change: read, Details: Author element read
[Sun May 26 15:43:00 2024
] File: example.xml, Change: read, Details: Author element read
[Sun May 26 15:43:00 2024
] File: example.json, Change: read, Details: Title element read
[Sun May 26 15:43:00 2024
] File: example.xml, Change: read, Details: Title element read
[Sun May 26 15:43:00 2024
] File: example.xml, Change: read, Details: Title element read
[Sun May 26 15:43:00 2024
] File: example.json, Change: read, Details: Description element read
[Sun May 26 15:43:00 2024
] File: example.xml, Change: read, Details: Description element read
[Sun May 26 15:43:00 2024
] File: example.json, Change: read, Details: File Size element read
[Sun May 26 15:43:00 2024
] File: example.xml, Change: read, Details: Description element read
[Sun May 26 15:43:00 2024
] File: example.xml, Change: read, Details: File Size element read
[Sun May 26 15:43:00 2024
] File: example.xml, Change: read, Details: File Size element read
[Sun May 26 15:43:49 2024
] File: try1.json, Change: upload, Details: User uploaded a new metadata file
[Sun May 26 15:49:46 2024
] File: example.json, Change: read, Details: Author element read
[Sun May 26 15:49:46 2024
] File: example.xml, Change: read, Details: Author element read
[Sun May 26 15:49:46 2024
] File: example.json, Change: read, Details: Title element read
[Sun May 26 15:49:46 2024
] File: example.xml, Change: read, Details: Title element read
[Sun May 26 15:49:46 2024
] File: example.json, Change: read, Details: Description element read
[Sun May 26 15:49:46 2024
] File: example.xml, Change: read, Details: Description element read
[Sun May 26 15:49:46 2024
] File: example.xml, Change: read, Details: File Size element read
[Sun May 26 15:49:46 2024
] File: example.json, Change: read, Details: File Size element read
[Sun May 26 15:49:46 2024
] File: example.xml, Change: read, Details: Author element read
[Sun May 26 15:49:46 2024
] File: example.xml, Change: read, Details: Title element read
[Sun May 26 15:49:46 2024
] File: example.xml, Change: read, Details: Description element read
[Sun May 26 15:49:46 2024
] File: example.xml, Change: read, Details: File Size element read
[Sun May 26 15:51:34 2024
] File: try.json, Change: upload, Details: User uploaded a new metadata file
[Sun May 26 15:55:33 2024
] File: example.json, Change: read, Details: Author element read
[Sun May 26 15:55:33 2024
] File: example.json, Change: read, Details: Title element read
[Sun May 26 15:55:33 2024
] File: example.xml, Change: read, Details: Author element read
[Sun May 26 15:55:33 2024
] File: example.xml, Change: read, Details: Author element read
[Sun May 26 15:55:33 2024
] File: example.json, Change: read, Details: Description element read
[Sun May 26 15:55:33 2024
] File: example.xml, Change: read, Details: Title element read
[Sun May 26 15:55:33 2024
] File: example.xml, Change: read, Details: Title element read
[Sun May 26 15:55:33 2024
] File: example.xml, Change: read, Details: Description element read
[Sun May 26 15:55:33 2024
] File: example.json, Change: read, Details: File Size element read
[Sun May 26 15:55:33 2024
] File: example.xml, Change: read, Details: Description element read
[Sun May 26 15:55:33 2024
] File: example.xml, Change: read, Details: File Size element read
[Sun May 26 15:55:33 2024
] File: example.xml, Change: read, Details: File Size element read
[Sun May 26 15:56:01 2024
] File: try.json, Change: upload, Details: User uploaded a new metadata file
[Sun May 26 17:16:29 2024
] File: example.json, Change: extract, Details: Extracted author
[Sun May 26 17:16:29 2024
] File: example.json, Change: extract, Details: Extracted title
[Sun May 26 17:16:29 2024
] File: example.json, Change: extract, Details: Extracted description
[Sun May 26 17:16:29 2024
] File: example.json, Change: extract, Details: Extracted file_size
[Sun May 26 17:16:29 2024
] File: example.xml, Change: extract, Details: Extracted author
[Sun May 26 17:16:29 2024
] File: example.xml, Change: extract, Details: Extracted author
[Sun May 26 17:16:29 2024
] File: example.xml, Change: extract, Details: Extracted title
[Sun May 26 17:16:29 2024
] File: example.xml, Change: extract, Details: Extracted description
[Sun May 26 17:16:29 2024
] File: example.xml, Change: extract, Details: Extracted title
[Sun May 26 17:16:29 2024
] File: example.xml, Change: extract, Details: Extracted file_size
[Sun May 26 17:16:29 2024
] File: example.xml, Change: extract, Details: Extracted description
[Sun May 26 17:16:29 2024
] File: example.xml, Change: extract, Details: Extracted file_size
[Sun May 26 17:17:01 2024
] File: try1.json, Change: upload, Details: User uploaded a new metadata file
[Sun May 26 17:36:05 2024
] File: example.json, Change: extract, Details: Extracted author
[Sun May 26 17:36:05 2024
] File: example.json, Change: extract, Details: Extracted title
[Sun May 26 17:36:05 2024
] File: example.json, Change: extract, Details: Extracted description
[Sun May 26 17:36:05 2024
] File: example.json, Change: extract, Details: Extracted file_size
[Sun May 26 17:36:05 2024
] File: example.xml, Change: extract, Details: Extracted author
[Sun May 26 17:36:05 2024
] File: example.xml, Change: extract, Details: Extracted author
[Sun May 26 17:36:05 2024
] File: example.xml, Change: extract, Details: Extracted title
[Sun May 26 17:36:05 2024
] File: example.xml, Change: extract, Details: Extracted title
[Sun May 26 17:36:05 2024
] File: example.xml, Change: extract, Details: Extracted description
[Sun May 26 17:36:05 2024
] File: example.xml, Change: extract, Details: Extracted description
[Sun May 26 17:36:05 2024
] File: example.xml, Change: extract, Details: Extracted file_size
[Sun May 26 17:36:05 2024
] File: example.xml, Change: extract, Details: Extracted file_size
[Sun May 26 17:36:42 2024
] File: try.json, Change: upload, Details: User uploaded a new metadata file
[Sun May 26 17:41:48 2024
] File: example.json, Change: extract, Details: Extracted author
[Sun May 26 17:41:48 2024
] File: example.json, Change: extract, Details: Extracted title
[Sun May 26 17:41:48 2024
] File: example.xml, Change: extract, Details: Extracted author
[Sun May 26 17:41:48 2024
] File: example.xml, Change: extract, Details: Extracted title
[Sun May 26 17:41:48 2024
] File: example.xml, Change: extract, Details: Extracted author
[Sun May 26 17:41:48 2024
] File: example.xml, Change: extract, Details: Extracted description
[Sun May 26 17:41:48 2024
] File: example.xml, Change: extract, Details: Extracted title
[Sun May 26 17:41:48 2024
] File: example.xml, Change: extract, Details: Extracted description
[Sun May 26 17:41:48 2024
] File: example.xml, Change: extract, Details: Extracted file_size
[Sun May 26 17:41:48 2024
] File: example.xml, Change: extract, Details: Extracted file_size
[Sun May 26 17:41:48 2024
] File: example.json, Change: extract, Details: Extracted description
[Sun May 26 17:41:48 2024
] File: example.json, Change: extract, Details: Extracted file_size
[Sun May 26 17:45:48 2024
] File: example.json, Change: extract, Details: Extracted author
[Sun May 26 17:45:48 2024
] File: example.json, Change: extract, Details: Extracted title
[Sun May 26 17:45:48 2024
] File: example.xml, Change: extract, Details: Extracted author
[Sun May 26 17:45:48 2024
] File: example.xml, Change: extract, Details: Extracted author
[Sun May 26 17:45:48 2024
] File: example.xml, Change: extract, Details: Extracted title
[Sun May 26 17:45:48 2024
] File: example.json, Change: extract, Details: Extracted description
[Sun May 26 17:45:48 2024
] File: example.json, Change: extract, Details: Extracted file_size
[Sun May 26 17:45:48 2024
] File: example.xml, Change: extract, Details: Extracted description
[Sun May 26 17:45:48 2024
] File: example.xml, Change: extract, Details: Extracted title
[Sun May 26 17:45:48 2024
] File: example.xml, Change: extract, Details: Extracted file_size
[Sun May 26 17:45:48 2024
] File: example.xml, Change: extract, Details: Extracted description
[Sun May 26 17:45:48 2024
] File: example.xml, Change: extract, Details: Extracted file_size
[Sun May 26 17:46:21 2024
] File: tryy.json, Change: upload, Details: User uploaded a new metadata file
[Sun May 26 17:49:05 2024
] File: example.xml, Change: extract, Details: Extracted author
[Sun May 26 17:49:05 2024
] File: example.xml, Change: extract, Details: Extracted author
[Sun May 26 17:49:05 2024
] File: example.xml, Change: extract, Details: Extracted title
[Sun May 26 17:49:05 2024
] File: example.json, Change: extract, Details: Extracted author
[Sun May 26 17:49:05 2024
] File: example.xml, Change: extract, Details: Extracted title
[Sun May 26 17:49:05 2024
] File: example.json, Change: extract, Details: Extracted title
[Sun May 26 17:49:05 2024
] File: example.xml, Change: extract, Details: Extracted description
[Sun May 26 17:49:05 2024
] File: example.xml, Change: extract, Details: Extracted description
[Sun May 26 17:49:05 2024
] File: example.json, Change: extract, Details: Extracted description
[Sun May 26 17:49:05 2024
] File: example.xml, Change: extract, Details: Extracted file_size
[Sun May 26 17:49:05 2024
] File: example.xml, Change: extract, Details: Extracted file_size
[Sun May 26 17:49:05 2024
] File: example.json, Change: extract, Details: Extracted file_size
[Sun May 26 17:49:30 2024
] File: a.json, Change: upload, Details: User uploaded a new metadata file
[Sun May 26 17:53:18 2024
] File: example.json, Change: extract, Details: Extracted author
[Sun May 26 17:53:18 2024
] File: example.json, Change: extract, Details: Extracted title
[Sun May 26 17:53:18 2024
] File: example.json, Change: extract, Details: Extracted description
[Sun May 26 17:53:18 2024
] File: example.json, Change: extract, Details: Extracted file_size
[Sun May 26 17:53:18 2024
] File: example.xml, Change: extract, Details: Extracted author
[Sun May 26 17:53:18 2024
] File: example.xml, Change: extract, Details: Extracted author
[Sun May 26 17:53:18 2024
] File: example.xml, Change: extract, Details: Extracted title
[Sun May 26 17:53:18 2024
] File: example.xml, Change: extract, Details: Extracted title
[Sun May 26 17:53:18 2024
] File: example.xml, Change: extract, Details: Extracted description
[Sun May 26 17:53:18 2024
] File: example.xml, Change: extract, Details: Extracted description
[Sun May 26 17:53:18 2024
] File: example.xml, Change: extract, Details: Extracted file_size
[Sun May 26 17:53:18 2024
] File: example.xml, Change: extract, Details: Extracted file_size
[Sun May 26 19:26:30 2024
] File: example.json, Change: extract, Details: Extracted author
[Sun May 26 19:26:30 2024
] File: example.json, Change: extract, Details: Extracted title
[Sun May 26 19:26:30 2024
] File: example.json, Change: extract, Details: Extracted description
[Sun May 26 19:26:30 2024
] File: example.json, Change: extract, Details: Extracted file_size
[Sun May 26 19:26:30 2024
] File: example.xml, Change: extract, Details: Extracted author
[Sun May 26 19:26:30 2024
] File: example.xml, Change: extract, Details: Extracted author
[Sun May 26 19:26:30 2024
] File: example.xml, Change: extract, Details: Extracted title
[Sun May 26 19:26:30 2024
] File: example.xml, Change: extract, Details: Extracted title
[Sun May 26 19:26:30 2024
] File: example.xml, Change: extract, Details: Extracted description
[Sun May 26 19:26:30 2024
] File: example.xml, Change: extract, Details: Extracted description
[Sun May 26 19:26:30 2024
] File: example.xml, Change: extract, Details: Extracted file_size
[Sun May 26 19:26:30 2024
] File: example.xml, Change: extract, Details: Extracted file_size
[Sun May 26 19:28:03 2024
] File: try.json, Change: upload, Details: User uploaded a new metadata file
[Fri May 31 02:28:39 2024
] File: example.json, Change: extract, Details: Failed to open JSON file
[Fri May 31 03:53:54 2024
] File: example.json, Change: extract, Details: Failed to open JSON file
[Fri May 31 04:01:15 2024
] File: example.json, Change: extract, Details: Failed to open JSON file
[Fri May 31 04:12:11 2024
] File: example.json, Change: extract, Details: Failed to open JSON file
[Fri May 31 04:15:20 2024
] File: example.json, Change: extract, Details: Failed to open JSON file
[Fri May 31 04:18:34 2024
] File: example.json, Change: extract, Details: Failed to open JSON file
[Fri May 31 04:20:39 2024
] File: example.json, Change: extract, Details: Failed to open JSON file
[Fri May 31 04:24:08 2024
] File: example.json, Change: extract, Details: Failed to open JSON file
[Fri May 31 04:26:44 2024
] File: example.json, Change: extract, Details: Failed to open JSON file
[Fri May 31 05:10:16 2024
] File: example.json, Change: extract, Details: Failed to open JSON file
[Fri May 31 05:14:15 2024
] File: example.json, Change: extract, Details: Failed to open JSON file
[Fri May 31 05:21:50 2024
] File: example.json, Change: extract, Details: Failed to open JSON file
[Fri May 31 05:23:30 2024
] File: example.json, Change: extract, Details: Failed to open JSON file
[Fri May 31 05:24:51 2024
] File: example.json, Change: extract, Details: Failed to open JSON file
[Fri May 31 05:35:15 2024
] File: example.json, Change: extract, Details: Failed to open JSON file
[Fri May 31 06:42:56 2024
] File: example.json, Change: extract, Details: Failed to open JSON file
[Fri May 31 06:54:15 2024
] File: example.json, Change: extract, Details: Failed to open JSON file
